<?xml version="1.0" encoding="UTF-8"?>
<testsuites>
  <testsuite name="" tests="29" assertions="85" errors="0" warnings="0" failures="0" skipped="0" time="1.200428">
    <testsuite name="Feature" tests="29" assertions="85" errors="0" warnings="0" failures="0" skipped="0" time="1.200428">
      <testsuite name="Tests\Feature\CandidatoTest" file="E:\Proyectos\laravel-ddd\tests\Feature\CandidatoTest.php" tests="6" assertions="14" errors="0" warnings="0" failures="0" skipped="0" time="0.432091">
        <testcase name="usuario_puede_crear_candidato_si_es_manager" class="Tests\Feature\CandidatoTest" classname="Tests.Feature.CandidatoTest" file="E:\Proyectos\laravel-ddd\tests\Feature\CandidatoTest.php" line="30" assertions="2" time="0.251190"/>
        <testcase name="usuario_no_puede_crear_candidato_si_es_agent" class="Tests\Feature\CandidatoTest" classname="Tests.Feature.CandidatoTest" file="E:\Proyectos\laravel-ddd\tests\Feature\CandidatoTest.php" line="51" assertions="2" time="0.035157"/>
        <testcase name="obtener_todos_candidatos_test" class="Tests\Feature\CandidatoTest" classname="Tests.Feature.CandidatoTest" file="E:\Proyectos\laravel-ddd\tests\Feature\CandidatoTest.php" line="74" assertions="5" time="0.039398"/>
        <testcase name="manager_obtener_candidatos_by_id" class="Tests\Feature\CandidatoTest" classname="Tests.Feature.CandidatoTest" file="E:\Proyectos\laravel-ddd\tests\Feature\CandidatoTest.php" line="96" assertions="1" time="0.034742"/>
        <testcase name="agent_no_obtener_candidatos_by_id" class="Tests\Feature\CandidatoTest" classname="Tests.Feature.CandidatoTest" file="E:\Proyectos\laravel-ddd\tests\Feature\CandidatoTest.php" line="108" assertions="2" time="0.036841"/>
        <testcase name="agent_si_obtener_candidatos_by_id" class="Tests\Feature\CandidatoTest" classname="Tests.Feature.CandidatoTest" file="E:\Proyectos\laravel-ddd\tests\Feature\CandidatoTest.php" line="128" assertions="2" time="0.034763"/>
      </testsuite>
      <testsuite name="Tests\Feature\LoginTest" file="E:\Proyectos\laravel-ddd\tests\Feature\LoginTest.php" tests="9" assertions="32" errors="0" warnings="0" failures="0" skipped="0" time="0.299167">
        <testcase name="active_user_can_login" class="Tests\Feature\LoginTest" classname="Tests.Feature.LoginTest" file="E:\Proyectos\laravel-ddd\tests\Feature\LoginTest.php" line="38" assertions="4" time="0.033702"/>
        <testcase name="inactive_user_cannot_login" class="Tests\Feature\LoginTest" classname="Tests.Feature.LoginTest" file="E:\Proyectos\laravel-ddd\tests\Feature\LoginTest.php" line="51" assertions="3" time="0.032413"/>
        <testcase name="user_can_not_login_without_credentials" class="Tests\Feature\LoginTest" classname="Tests.Feature.LoginTest" file="E:\Proyectos\laravel-ddd\tests\Feature\LoginTest.php" line="62" assertions="3" time="0.031499"/>
        <testcase name="user_can_not_login_without_username" class="Tests\Feature\LoginTest" classname="Tests.Feature.LoginTest" file="E:\Proyectos\laravel-ddd\tests\Feature\LoginTest.php" line="73" assertions="2" time="0.032810"/>
        <testcase name="user_can_not_login_without_password" class="Tests\Feature\LoginTest" classname="Tests.Feature.LoginTest" file="E:\Proyectos\laravel-ddd\tests\Feature\LoginTest.php" line="86" assertions="2" time="0.033149"/>
        <testcase name="user_can_not_login_with_invalid_credentials" class="Tests\Feature\LoginTest" classname="Tests.Feature.LoginTest" file="E:\Proyectos\laravel-ddd\tests\Feature\LoginTest.php" line="99" assertions="2" time="0.035763"/>
        <testcase name="user_can_get_his_own_info" class="Tests\Feature\LoginTest" classname="Tests.Feature.LoginTest" file="E:\Proyectos\laravel-ddd\tests\Feature\LoginTest.php" line="109" assertions="7" time="0.030460"/>
        <testcase name="logged_user_can_logout" class="Tests\Feature\LoginTest" classname="Tests.Feature.LoginTest" file="E:\Proyectos\laravel-ddd\tests\Feature\LoginTest.php" line="118" assertions="3" time="0.032764"/>
        <testcase name="logged_user_can_refresh" class="Tests\Feature\LoginTest" classname="Tests.Feature.LoginTest" file="E:\Proyectos\laravel-ddd\tests\Feature\LoginTest.php" line="128" assertions="6" time="0.036606"/>
      </testsuite>
      <testsuite name="Tests\Feature\UserTest" file="E:\Proyectos\laravel-ddd\tests\Feature\UserTest.php" tests="14" assertions="39" errors="0" warnings="0" failures="0" skipped="0" time="0.469170">
        <testcase name="admin_can_retrieve_all_users" class="Tests\Feature\UserTest" classname="Tests.Feature.UserTest" file="E:\Proyectos\laravel-ddd\tests\Feature\UserTest.php" line="21" assertions="2" time="0.030312"/>
        <testcase name="admin_can_get_specific_user_by_id" class="Tests\Feature\UserTest" classname="Tests.Feature.UserTest" file="E:\Proyectos\laravel-ddd\tests\Feature\UserTest.php" line="33" assertions="6" time="0.036098"/>
        <testcase name="admin_can_create_a_user" class="Tests\Feature\UserTest" classname="Tests.Feature.UserTest" file="E:\Proyectos\laravel-ddd\tests\Feature\UserTest.php" line="46" assertions="4" time="0.030749"/>
        <testcase name="cannot_create_user_with_invalid_email" class="Tests\Feature\UserTest" classname="Tests.Feature.UserTest" file="E:\Proyectos\laravel-ddd\tests\Feature\UserTest.php" line="81" assertions="2" time="0.028848"/>
        <testcase name="cannot_create_user_with_invalid_password" class="Tests\Feature\UserTest" classname="Tests.Feature.UserTest" file="E:\Proyectos\laravel-ddd\tests\Feature\UserTest.php" line="101" assertions="4" time="0.027930"/>
        <testcase name="admin_can_update_any_user" class="Tests\Feature\UserTest" classname="Tests.Feature.UserTest" file="E:\Proyectos\laravel-ddd\tests\Feature\UserTest.php" line="130" assertions="2" time="0.035730"/>
        <testcase name="cannot_update_user_with_invalid_password" class="Tests\Feature\UserTest" classname="Tests.Feature.UserTest" file="E:\Proyectos\laravel-ddd\tests\Feature\UserTest.php" line="164" assertions="4" time="0.034377"/>
        <testcase name="admin_can_delete_a_user" class="Tests\Feature\UserTest" classname="Tests.Feature.UserTest" file="E:\Proyectos\laravel-ddd\tests\Feature\UserTest.php" line="197" assertions="2" time="0.042673"/>
        <testcase name="cannot_delete_user_if_does_not_exists" class="Tests\Feature\UserTest" classname="Tests.Feature.UserTest" file="E:\Proyectos\laravel-ddd\tests\Feature\UserTest.php" line="213" assertions="1" time="0.032141"/>
        <testcase name="user_cannot_retrieve_all_users" class="Tests\Feature\UserTest" classname="Tests.Feature.UserTest" file="E:\Proyectos\laravel-ddd\tests\Feature\UserTest.php" line="222" assertions="2" time="0.037074"/>
        <testcase name="user_cannot_get_specific_user_by_id" class="Tests\Feature\UserTest" classname="Tests.Feature.UserTest" file="E:\Proyectos\laravel-ddd\tests\Feature\UserTest.php" line="234" assertions="2" time="0.036954"/>
        <testcase name="user_cannot_create_user" class="Tests\Feature\UserTest" classname="Tests.Feature.UserTest" file="E:\Proyectos\laravel-ddd\tests\Feature\UserTest.php" line="247" assertions="2" time="0.032276"/>
        <testcase name="user_cannot_update_any_user_except_itself" class="Tests\Feature\UserTest" classname="Tests.Feature.UserTest" file="E:\Proyectos\laravel-ddd\tests\Feature\UserTest.php" line="267" assertions="4" time="0.033362"/>
        <testcase name="user_cannot_delete_a_user" class="Tests\Feature\UserTest" classname="Tests.Feature.UserTest" file="E:\Proyectos\laravel-ddd\tests\Feature\UserTest.php" line="317" assertions="2" time="0.030645"/>
      </testsuite>
    </testsuite>
  </testsuite>
</testsuites>
