<?xml version="1.0" encoding="UTF-8"?>
<testsuites>
  <testsuite name="" tests="29" assertions="84" errors="0" warnings="0" failures="0" skipped="0" time="3.955198">
    <testsuite name="Feature" tests="29" assertions="84" errors="0" warnings="0" failures="0" skipped="0" time="3.955198">
      <testsuite name="Tests\Feature\CandidatoTest" file="E:\Proyectos\laravel-ddd\tests\Feature\CandidatoTest.php" tests="6" assertions="13" errors="0" warnings="0" failures="0" skipped="0" time="1.150403">
        <testcase name="usuario_puede_crear_candidato_si_es_manager" class="Tests\Feature\CandidatoTest" classname="Tests.Feature.CandidatoTest" file="E:\Proyectos\laravel-ddd\tests\Feature\CandidatoTest.php" line="30" assertions="2" time="0.407195"/>
        <testcase name="usuario_no_puede_crear_candidato_si_es_agent" class="Tests\Feature\CandidatoTest" classname="Tests.Feature.CandidatoTest" file="E:\Proyectos\laravel-ddd\tests\Feature\CandidatoTest.php" line="51" assertions="2" time="0.146430"/>
        <testcase name="obtener_todos_candidatos_test" class="Tests\Feature\CandidatoTest" classname="Tests.Feature.CandidatoTest" file="E:\Proyectos\laravel-ddd\tests\Feature\CandidatoTest.php" line="74" assertions="4" time="0.137818"/>
        <testcase name="manager_obtener_candidatos_by_id" class="Tests\Feature\CandidatoTest" classname="Tests.Feature.CandidatoTest" file="E:\Proyectos\laravel-ddd\tests\Feature\CandidatoTest.php" line="96" assertions="1" time="0.155609"/>
        <testcase name="agent_no_obtener_candidatos_by_id" class="Tests\Feature\CandidatoTest" classname="Tests.Feature.CandidatoTest" file="E:\Proyectos\laravel-ddd\tests\Feature\CandidatoTest.php" line="108" assertions="2" time="0.148874"/>
        <testcase name="agent_si_obtener_candidatos_by_id" class="Tests\Feature\CandidatoTest" classname="Tests.Feature.CandidatoTest" file="E:\Proyectos\laravel-ddd\tests\Feature\CandidatoTest.php" line="128" assertions="2" time="0.154477"/>
      </testsuite>
      <testsuite name="Tests\Feature\LoginTest" file="E:\Proyectos\laravel-ddd\tests\Feature\LoginTest.php" tests="9" assertions="32" errors="0" warnings="0" failures="0" skipped="0" time="1.088378">
        <testcase name="active_user_can_login" class="Tests\Feature\LoginTest" classname="Tests.Feature.LoginTest" file="E:\Proyectos\laravel-ddd\tests\Feature\LoginTest.php" line="38" assertions="4" time="0.127390"/>
        <testcase name="inactive_user_cannot_login" class="Tests\Feature\LoginTest" classname="Tests.Feature.LoginTest" file="E:\Proyectos\laravel-ddd\tests\Feature\LoginTest.php" line="51" assertions="3" time="0.129984"/>
        <testcase name="user_can_not_login_without_credentials" class="Tests\Feature\LoginTest" classname="Tests.Feature.LoginTest" file="E:\Proyectos\laravel-ddd\tests\Feature\LoginTest.php" line="62" assertions="3" time="0.127163"/>
        <testcase name="user_can_not_login_without_username" class="Tests\Feature\LoginTest" classname="Tests.Feature.LoginTest" file="E:\Proyectos\laravel-ddd\tests\Feature\LoginTest.php" line="73" assertions="2" time="0.111842"/>
        <testcase name="user_can_not_login_without_password" class="Tests\Feature\LoginTest" classname="Tests.Feature.LoginTest" file="E:\Proyectos\laravel-ddd\tests\Feature\LoginTest.php" line="86" assertions="2" time="0.111282"/>
        <testcase name="user_can_not_login_with_invalid_credentials" class="Tests\Feature\LoginTest" classname="Tests.Feature.LoginTest" file="E:\Proyectos\laravel-ddd\tests\Feature\LoginTest.php" line="99" assertions="2" time="0.111618"/>
        <testcase name="user_can_get_his_own_info" class="Tests\Feature\LoginTest" classname="Tests.Feature.LoginTest" file="E:\Proyectos\laravel-ddd\tests\Feature\LoginTest.php" line="109" assertions="7" time="0.111784"/>
        <testcase name="logged_user_can_logout" class="Tests\Feature\LoginTest" classname="Tests.Feature.LoginTest" file="E:\Proyectos\laravel-ddd\tests\Feature\LoginTest.php" line="118" assertions="3" time="0.123136"/>
        <testcase name="logged_user_can_refresh" class="Tests\Feature\LoginTest" classname="Tests.Feature.LoginTest" file="E:\Proyectos\laravel-ddd\tests\Feature\LoginTest.php" line="128" assertions="6" time="0.134179"/>
      </testsuite>
      <testsuite name="Tests\Feature\UserTest" file="E:\Proyectos\laravel-ddd\tests\Feature\UserTest.php" tests="14" assertions="39" errors="0" warnings="0" failures="0" skipped="0" time="1.716417">
        <testcase name="admin_can_retrieve_all_users" class="Tests\Feature\UserTest" classname="Tests.Feature.UserTest" file="E:\Proyectos\laravel-ddd\tests\Feature\UserTest.php" line="21" assertions="2" time="0.117910"/>
        <testcase name="admin_can_get_specific_user_by_id" class="Tests\Feature\UserTest" classname="Tests.Feature.UserTest" file="E:\Proyectos\laravel-ddd\tests\Feature\UserTest.php" line="33" assertions="6" time="0.129144"/>
        <testcase name="admin_can_create_a_user" class="Tests\Feature\UserTest" classname="Tests.Feature.UserTest" file="E:\Proyectos\laravel-ddd\tests\Feature\UserTest.php" line="46" assertions="4" time="0.109021"/>
        <testcase name="cannot_create_user_with_invalid_email" class="Tests\Feature\UserTest" classname="Tests.Feature.UserTest" file="E:\Proyectos\laravel-ddd\tests\Feature\UserTest.php" line="81" assertions="2" time="0.106331"/>
        <testcase name="cannot_create_user_with_invalid_password" class="Tests\Feature\UserTest" classname="Tests.Feature.UserTest" file="E:\Proyectos\laravel-ddd\tests\Feature\UserTest.php" line="101" assertions="4" time="0.121786"/>
        <testcase name="admin_can_update_any_user" class="Tests\Feature\UserTest" classname="Tests.Feature.UserTest" file="E:\Proyectos\laravel-ddd\tests\Feature\UserTest.php" line="130" assertions="2" time="0.150244"/>
        <testcase name="cannot_update_user_with_invalid_password" class="Tests\Feature\UserTest" classname="Tests.Feature.UserTest" file="E:\Proyectos\laravel-ddd\tests\Feature\UserTest.php" line="164" assertions="4" time="0.154760"/>
        <testcase name="admin_can_delete_a_user" class="Tests\Feature\UserTest" classname="Tests.Feature.UserTest" file="E:\Proyectos\laravel-ddd\tests\Feature\UserTest.php" line="197" assertions="2" time="0.139847"/>
        <testcase name="cannot_delete_user_if_does_not_exists" class="Tests\Feature\UserTest" classname="Tests.Feature.UserTest" file="E:\Proyectos\laravel-ddd\tests\Feature\UserTest.php" line="213" assertions="1" time="0.107799"/>
        <testcase name="user_cannot_retrieve_all_users" class="Tests\Feature\UserTest" classname="Tests.Feature.UserTest" file="E:\Proyectos\laravel-ddd\tests\Feature\UserTest.php" line="222" assertions="2" time="0.113108"/>
        <testcase name="user_cannot_get_specific_user_by_id" class="Tests\Feature\UserTest" classname="Tests.Feature.UserTest" file="E:\Proyectos\laravel-ddd\tests\Feature\UserTest.php" line="234" assertions="2" time="0.118213"/>
        <testcase name="user_cannot_create_user" class="Tests\Feature\UserTest" classname="Tests.Feature.UserTest" file="E:\Proyectos\laravel-ddd\tests\Feature\UserTest.php" line="247" assertions="2" time="0.100064"/>
        <testcase name="user_cannot_update_any_user_except_itself" class="Tests\Feature\UserTest" classname="Tests.Feature.UserTest" file="E:\Proyectos\laravel-ddd\tests\Feature\UserTest.php" line="267" assertions="4" time="0.127834"/>
        <testcase name="user_cannot_delete_a_user" class="Tests\Feature\UserTest" classname="Tests.Feature.UserTest" file="E:\Proyectos\laravel-ddd\tests\Feature\UserTest.php" line="317" assertions="2" time="0.120357"/>
      </testsuite>
    </testsuite>
  </testsuite>
</testsuites>
